****************************************************************************************************
2020-07-27 08:14:26      生成最新的excel文件成功！
****************************************************************************************************
2020-07-27 08:59:14      Length mismatch: Expected axis has 21 elements, new values have 15 elements
****************************************************************************************************
2020-07-27 09:01:02      生成最新的excel文件成功！
****************************************************************************************************
2020-07-27 09:22:57      生成最新的excel文件成功！
****************************************************************************************************
2020-07-27 15:01:42      New excel file generated successfully!
****************************************************************************************************
2020-07-27 16:32:57      New excel file generated successfully!
****************************************************************************************************
2020-08-05 09:49:09      New excel file generated successfully!
****************************************************************************************************
2020-08-07 09:01:52      [Errno 13] Permission denied: '\\\\chesnc0803.che.volvocars.net\\PROJ2\\6765-SHR-VCC08200\\Production Plan & Order\\Production Plan\\Cars_Reg_Tracking_Daily.xlsx'
****************************************************************************************************
2020-08-07 09:06:40      New excel file generated successfully!
****************************************************************************************************
2020-09-16 15:44:34      New excel file generated successfully!
****************************************************************************************************
2020-09-21 09:08:13      New excel file generated successfully!
****************************************************************************************************
2020-09-22 08:37:08      New excel file generated successfully!
****************************************************************************************************
2020-09-23 08:33:30      New excel file generated successfully!
****************************************************************************************************
2020-10-23 15:25:10      [Errno 13] Permission denied: '\\\\chesnm0201.che.volvocars.net\\PROJ2\\6765-SHR-VCC08200\\Production Plan & Order\\Production Plan\\Cars_Reg_Tracking_Daily.xlsx'
