****************************************************************************************************
2020-07-22 10:55:32      Step 1. Getting the last running time from control table...
2020-07-22 10:55:32      Get last running parameter successfully: last start:20200721 15:32:23, last end:20200722 08:35:54.
2020-07-22 10:55:32      Time range for data extraction this time has been defined: new_start:20200722 08:35:54, new_end:20200722 10:55:32
2020-07-22 10:55:32      Deleting the data in table later than new start time, to prevent duplicated data...
2020-07-22 10:55:32      Delete finished.
2020-07-22 10:55:32      Step2. Connecting Prowatch database and getting incremental data...
2020-07-22 10:55:41      Getting data successfully!
2020-07-22 10:55:41      Step3. Connecting MySQL DB and insert incremental data into table...
2020-07-22 10:55:41      Inserted successfully.
2020-07-22 10:55:41      Step4. Updating the control table, refresh the last start time and last end time for this job...
2020-07-22 10:55:41      Updated successfully!Last start time: 20200722 08:35:54, last end time:20200722 10:55:32.
****************************************************************************************************
2020-07-22 11:15:06      Step 1. Getting the last running time from control table...
2020-07-22 11:15:06      Get last running parameter successfully: last start:20200722 08:35:54, last end:20200722 10:55:32.
2020-07-22 11:15:06      Time range for data extraction this time has been defined: new_start:20200722 10:55:32, new_end:20200722 11:15:06
2020-07-22 11:15:06      Deleting the data in table later than new start time, to prevent duplicated data...
2020-07-22 11:15:06      Delete finished.
2020-07-22 11:15:06      Step2. Connecting Prowatch database and getting incremental data...
2020-07-22 11:15:09      Getting data successfully!
2020-07-22 11:15:09      Step3. Connecting MySQL DB and insert incremental data into table...
2020-07-22 11:15:09      Inserted successfully.
2020-07-22 11:15:09      Step4. Updating the control table, refresh the last start time and last end time for this job...
2020-07-22 11:15:09      Updated successfully!Last start time: 20200722 10:55:32, last end time:20200722 11:15:06.
****************************************************************************************************
2020-08-10 08:46:41      Step 1. Getting the last running time from control table...
2020-08-10 08:46:41      Get last running parameter successfully: last start:20200810 08:40:10, last end:20200810 08:45:09.
2020-08-10 08:46:41      Time range for data extraction this time has been defined: new_start:20200810 08:45:09, new_end:20200810 08:46:41
2020-08-10 08:46:41      Deleting the data in table later than new start time, to prevent duplicated data...
2020-08-10 08:46:41      Delete finished.
2020-08-10 08:46:41      Step2. Connecting Prowatch database and getting incremental data...
2020-08-10 08:46:45      Getting data successfully!
2020-08-10 08:46:45      Step3. Connecting MySQL DB and insert incremental data into table...
2020-08-10 08:46:45      Inserted successfully.
2020-08-10 08:46:45      Step4. Updating the control table, refresh the last start time and last end time for this job...
2020-08-10 08:46:45      Updated successfully!Last start time: 20200810 08:45:09, last end time:20200810 08:46:41.
