****************************************************************************************************
2021-01-28 14:57:04      Step 1. Getting the last running time from control table...
2021-01-28 14:57:04      Get last running parameter successfully: last start:2021-01-28 06:00:00, last end:2021-01-28 06:00:00.
2021-01-28 14:57:04      Time range for data extraction this time has been defined: new_start:2021-01-28 06:00:00, new_end:2021-01-28 14:57:04
2021-01-28 14:57:04      Deleting the data in table later than new start time, to prevent duplicated data...
2021-01-28 14:57:04      Delete finished.
2021-01-28 14:57:04      Step2. Connecting Prowatch database and getting data...
2021-01-28 14:57:06      Getting data successfully!
2021-01-28 14:57:06      Step3. Connecting Sqlite DB and insert data into table...
2021-01-28 14:57:06      Inserted successfully.
2021-01-28 14:57:06      Step4. Read card number and workday id mapping relationship successfully. now prepare to generate output excel
2021-01-28 14:57:06      Generate file successfully! This run 158 lines are generated.
2021-01-28 14:57:06      Step5. Updating the control table, refresh the last start time and last end time for this job...
2021-01-28 14:57:06      Updated successfully!Last start time: 2021-01-28 06:00:00, last end time:2021-01-28 14:57:04.
2021-01-28 14:57:10      Email sent successfully!
****************************************************************************************************
2021-02-01 11:43:00      Step 1. Getting the last running time from control table...
2021-02-01 11:43:00      Get last running parameter successfully: last start:2021-01-28 06:00:00, last end:2021-01-28 06:00:00.
2021-02-01 11:43:00      Time range for data extraction this time has been defined: new_start:2021-01-28 06:00:00, new_end:2021-02-01 11:43:00
2021-02-01 11:43:00      Deleting the data in table later than new start time, to prevent duplicated data...
2021-02-01 11:43:00      Delete finished.
2021-02-01 11:43:00      Step2. Connecting Prowatch database and getting data...
2021-02-01 11:43:02      Getting data successfully!
2021-02-01 11:43:02      Step3. Connecting Sqlite DB and insert data into table...
2021-02-01 11:43:02      Inserted successfully.
2021-02-01 11:43:02      Step4. Read card number and workday id mapping relationship successfully. now prepare to generate output excel
2021-02-01 11:43:02      Generate file successfully! This run 792 lines are generated.
2021-02-01 11:43:02      Step5. Updating the control table, refresh the last start time and last end time for this job...
2021-02-01 11:43:02      Updated successfully!Last start time: 2021-01-28 06:00:00, last end time:2021-02-01 11:43:00.
2021-02-01 11:43:06      Email sent successfully!
****************************************************************************************************
2021-02-03 10:42:58      Step 1. Getting the last running time from control table...
2021-02-03 10:42:58      Get last running parameter successfully: last start:2021-01-28 06:00:00, last end:2021-02-01 11:43:00.
2021-02-03 10:42:58      Time range for data extraction this time has been defined: new_start:2021-02-01 11:43:00, new_end:2021-02-03 10:42:58
2021-02-03 10:42:58      Deleting the data in table later than new start time, to prevent duplicated data...
2021-02-03 10:42:58      Delete finished.
2021-02-03 10:42:58      Step2. Connecting Prowatch database and getting data...
2021-02-03 10:43:00      Getting data successfully!
2021-02-03 10:43:00      Step3. Connecting Sqlite DB and insert data into table...
2021-02-03 10:43:01      Inserted successfully.
2021-02-03 10:43:01      Step4. Read card number and workday id mapping relationship successfully. now prepare to generate output excel
2021-02-03 10:43:01      Generate file successfully! This run 594 lines are generated.
2021-02-03 10:43:01      Step5. Updating the control table, refresh the last start time and last end time for this job...
2021-02-03 10:43:01      Updated successfully!Last start time: 2021-02-01 11:43:00, last end time:2021-02-03 10:42:58.
2021-02-03 10:43:04      Email sent successfully!
****************************************************************************************************
2021-02-03 10:47:56      Step 1. Getting the last running time from control table...
2021-02-03 10:47:56      Get last running parameter successfully: last start:2021-02-01 11:43:00, last end:2020-02-02 06:00:00.
2021-02-03 10:47:56      Time range for data extraction this time has been defined: new_start:2020-02-02 06:00:00, new_end:2021-02-03 10:47:56
2021-02-03 10:47:56      Deleting the data in table later than new start time, to prevent duplicated data...
2021-02-03 10:47:56      Delete finished.
2021-02-03 10:47:56      Step2. Connecting Prowatch database and getting data...
2021-02-03 10:48:16      Getting data successfully!
2021-02-03 10:48:16      Step3. Connecting Sqlite DB and insert data into table...
2021-02-03 10:48:18      Inserted successfully.
2021-02-03 10:48:18      Step4. Read card number and workday id mapping relationship successfully. now prepare to generate output excel
2021-02-03 10:48:19      Generate file successfully! This run 80682 lines are generated.
2021-02-03 10:48:19      Step5. Updating the control table, refresh the last start time and last end time for this job...
2021-02-03 10:48:19      Updated successfully!Last start time: 2020-02-02 06:00:00, last end time:2021-02-03 10:47:56.
2021-02-03 10:48:31      Email sent successfully!
****************************************************************************************************
2021-02-03 10:49:38      Step 1. Getting the last running time from control table...
2021-02-03 10:49:38      Get last running parameter successfully: last start:2020-02-02 06:00:00, last end:2021-02-02 06:00:00.
2021-02-03 10:49:38      Time range for data extraction this time has been defined: new_start:2021-02-02 06:00:00, new_end:2021-02-03 10:49:38
2021-02-03 10:49:38      Deleting the data in table later than new start time, to prevent duplicated data...
2021-02-03 10:49:38      Delete finished.
2021-02-03 10:49:38      Step2. Connecting Prowatch database and getting data...
2021-02-03 10:49:40      Getting data successfully!
2021-02-03 10:49:40      Step3. Connecting Sqlite DB and insert data into table...
2021-02-03 10:49:40      Inserted successfully.
2021-02-03 10:49:40      Step4. Read card number and workday id mapping relationship successfully. now prepare to generate output excel
2021-02-03 10:49:40      Generate file successfully! This run 448 lines are generated.
2021-02-03 10:49:40      Step5. Updating the control table, refresh the last start time and last end time for this job...
2021-02-03 10:49:40      Updated successfully!Last start time: 2021-02-02 06:00:00, last end time:2021-02-03 10:49:38.
2021-02-03 10:49:43      Email sent successfully!
****************************************************************************************************
2021-02-03 11:20:05      Step 1. Getting the last running time from control table...
2021-02-03 11:20:05      Get last running parameter successfully: last start:2021-02-02 06:00:00, last end:2021-02-02 06:00:00.
2021-02-03 11:20:05      Time range for data extraction this time has been defined: new_start:2021-02-02 06:00:00, new_end:2021-02-03 11:20:05
2021-02-03 11:20:05      Deleting the data in table later than new start time, to prevent duplicated data...
2021-02-03 11:20:05      Delete finished.
2021-02-03 11:20:05      Step2. Connecting Prowatch database and getting data...
2021-02-03 11:20:07      Getting data successfully!
2021-02-03 11:20:07      Step3. Connecting Sqlite DB and insert data into table...
2021-02-03 11:20:07      Inserted successfully.
2021-02-03 11:20:07      Step4. Read card number and workday id mapping relationship successfully. now prepare to generate output excel
2021-02-03 11:20:07      Generate file successfully! This run 448 lines are generated.
2021-02-03 11:20:07      Step5. Updating the control table, refresh the last start time and last end time for this job...
2021-02-03 11:20:07      Updated successfully!Last start time: 2021-02-02 06:00:00, last end time:2021-02-03 11:20:05.
2021-02-03 11:20:10      Email sent successfully!
****************************************************************************************************
2021-02-03 11:25:47      Step 1. Getting the last running time from control table...
2021-02-03 11:25:47      Get last running parameter successfully: last start:2021-02-02 06:00:00, last end:2021-01-28 06:00:00.
2021-02-03 11:25:47      Time range for data extraction this time has been defined: new_start:2021-01-28 06:00:00, new_end:2021-02-03 11:25:47
2021-02-03 11:25:47      Deleting the data in table later than new start time, to prevent duplicated data...
2021-02-03 11:25:47      Delete finished.
2021-02-03 11:25:47      Step2. Connecting Prowatch database and getting data...
2021-02-03 11:25:49      Getting data successfully!
2021-02-03 11:25:49      Step3. Connecting Sqlite DB and insert data into table...
2021-02-03 11:25:49      Inserted successfully.
2021-02-03 11:25:50      Step4. Read card number and workday id mapping relationship successfully. now prepare to generate output excel
2021-02-03 11:25:50      Generate file successfully! This run 1386 lines are generated.
2021-02-03 11:25:50      Step5. Updating the control table, refresh the last start time and last end time for this job...
2021-02-03 11:25:50      Updated successfully!Last start time: 2021-01-28 06:00:00, last end time:2021-02-03 11:25:47.
2021-02-03 11:25:53      Email sent successfully!
