2020-03-04 08:54:59      Get the latest original production plan file: P514 Production plan 2JPD  2.28.xlsx , last modified: 2020-02-28 14:52:40.193364
2020-03-04 08:54:59      Now purging the production plan raw data and processing...
2020-03-04 08:55:01      Finish processing, now exporting...
2020-03-04 08:55:02      Exported to the share disks.
++++++++++++++++++++++++++++++++++++++++++++++++++++++++++++++++++++++++++++++++++++++++++++++
2020-03-04 09:00:21      Get the latest original production plan file: P514 Production plan 2JPD  2.28.xlsx , last modified: 2020-02-28 14:52:40.193364
2020-03-04 09:00:21      Now purging the production plan raw data and processing...
2020-03-04 09:00:23      Finish processing, now exporting...
2020-03-04 09:00:24      Exported to the share disks.
++++++++++++++++++++++++++++++++++++++++++++++++++++++++++++++++++++++++++++++++++++++++++++++
2020-03-04 09:12:26      Get the latest original production plan file: P514 Production plan 2JPD  2.28.xlsx , last modified: 2020-02-28 14:52:40.193364
2020-03-04 09:12:26      Now purging the production plan raw data and processing...
2020-03-04 09:12:28      Finish processing, now exporting...
2020-03-04 09:12:29      Exported to the share disks.
++++++++++++++++++++++++++++++++++++++++++++++++++++++++++++++++++++++++++++++++++++++++++++++
2020-03-06 09:17:30      Get the latest original production plan file: P514 Production plan 2JPD 3.05.xlsx , last modified: 2020-03-06 08:24:29.260450
2020-03-06 09:17:30      Now purging the production plan raw data and processing...
2020-03-06 09:17:33      Finish processing, now exporting...
2020-03-06 09:17:34      Exported to the share disks.
++++++++++++++++++++++++++++++++++++++++++++++++++++++++++++++++++++++++++++++++++++++++++++++
2020-03-06 09:17:54      Get the latest original production plan file: P514 Production plan 2JPD 3.05.xlsx , last modified: 2020-03-06 08:24:29.260450
2020-03-06 09:17:54      Now purging the production plan raw data and processing...
2020-03-06 09:17:56      Finish processing, now exporting...
2020-03-06 09:17:57      Exported to the share disks.
++++++++++++++++++++++++++++++++++++++++++++++++++++++++++++++++++++++++++++++++++++++++++++++
2020-06-18 12:41:31      Get the latest original production plan file: P514 Production plan 2JPD 20200617.xlsx , last modified: 2020-06-17 10:40:43.699920
2020-06-18 12:41:31      Now purging the production plan raw data and processing...
2020-06-18 12:41:34      Finish processing, now exporting...
2020-06-18 12:41:34      Exported to the share disks.
++++++++++++++++++++++++++++++++++++++++++++++++++++++++++++++++++++++++++++++++++++++++++++++
2020-06-18 12:48:10      Get the latest original production plan file: P514 Production plan 2JPD 20200617.xlsx , last modified: 2020-06-17 10:40:43.699920
2020-06-18 12:48:10      Now purging the production plan raw data and processing...
2020-06-18 12:48:12      Finish processing, now exporting...
2020-06-18 12:48:12      Exported to the share disks.
++++++++++++++++++++++++++++++++++++++++++++++++++++++++++++++++++++++++++++++++++++++++++++++
2020-06-18 13:03:43      Get the latest original production plan file: P514 Production plan 2JPD 20200617.xlsx , last modified: 2020-06-17 10:40:43.699920
2020-06-18 13:03:43      Now purging the production plan raw data and processing...
2020-06-18 13:03:45      Finish processing, now exporting...
2020-06-18 13:04:00      Get the latest original production plan file: P514 Production plan 2JPD 20200617.xlsx , last modified: 2020-06-17 10:40:43.699920
2020-06-18 13:04:00      Now purging the production plan raw data and processing...
2020-06-18 13:04:03      Finish processing, now exporting...
2020-06-18 13:04:03      Exported to the share disks.
++++++++++++++++++++++++++++++++++++++++++++++++++++++++++++++++++++++++++++++++++++++++++++++
2020-09-23 08:35:31      Get the latest original production plan file: P514 Production plan 2JPD 20200921.xlsx , last modified: 2020-09-21 15:01:50.888431
2020-09-23 08:35:31      Now purging the production plan raw data and processing...
2020-09-23 08:35:32      Finish processing, now exporting...
2020-09-23 08:35:32      Exported to the share disks.
++++++++++++++++++++++++++++++++++++++++++++++++++++++++++++++++++++++++++++++++++++++++++++++
2020-09-23 09:29:15      Get the latest original production plan file: P514 Production plan 2JPD 20200921.xlsx , last modified: 2020-09-21 15:01:50.888431
2020-09-23 09:29:15      Now purging the production plan raw data and processing...
2020-09-23 09:29:15      Finish processing, now exporting...
2020-09-23 09:29:16      Exported to the share disks.
++++++++++++++++++++++++++++++++++++++++++++++++++++++++++++++++++++++++++++++++++++++++++++++
2021-01-05 08:27:42      Get the latest original production plan file: P514 Production Plan 20210104.xlsx , last modified: 2021-01-04 20:03:22.586295
2021-01-05 08:27:42      Now purging the production plan raw data and processing...
2021-01-05 08:27:42      Finish processing, now exporting...
2021-01-05 08:27:43      Exported to the share disks.
++++++++++++++++++++++++++++++++++++++++++++++++++++++++++++++++++++++++++++++++++++++++++++++
2021-01-05 08:57:17      Get the latest original production plan file: P514 Production Plan 20210104.xlsx , last modified: 2021-01-04 20:03:22.586295
2021-01-05 08:57:17      Now purging the production plan raw data and processing...
2021-01-05 08:57:17      Finish processing, now exporting...
2021-01-05 08:57:18      Exported to the share disks.
++++++++++++++++++++++++++++++++++++++++++++++++++++++++++++++++++++++++++++++++++++++++++++++
2021-01-05 09:05:18      Get the latest original production plan file: P514 Production Plan 20210104.xlsx , last modified: 2021-01-04 20:03:22.586295
2021-01-05 09:05:18      Now purging the production plan raw data and processing...
2021-01-05 09:05:18      Finish processing, now exporting...
2021-01-05 09:05:19      Exported to the share disks.
++++++++++++++++++++++++++++++++++++++++++++++++++++++++++++++++++++++++++++++++++++++++++++++
