****************************************************************************************************
2020-07-06 11:07:28      找到今天的sheet名: 20200618
2020-07-06 11:07:28      温湿度记录仪A数据写入数据库成功！
2020-07-06 11:07:28      温湿度记录仪B数据写入数据库成功！
2020-07-06 11:07:28      温湿度记录仪C数据写入数据库成功！
2020-07-06 11:07:28      危化库温湿度记录仪数据写入数据库发生异常！
****************************************************************************************************
2020-07-06 11:13:57      找到今天的sheet名: 20200618
2020-07-06 11:13:57      数据不完整或格式异常
****************************************************************************************************
2020-07-06 11:14:36      找到今天的sheet名: 20200621
2020-07-06 11:14:37      温湿度记录仪A数据写入数据库成功！
2020-07-06 11:14:37      温湿度记录仪B数据写入数据库成功！
2020-07-06 11:14:37      温湿度记录仪C数据写入数据库成功！
2020-07-06 11:14:37      危化库记录仪数据写入数据库成功！
****************************************************************************************************
2020-07-06 11:14:48      找到今天的sheet名: 20200622
2020-07-06 11:14:48      温湿度记录仪A数据写入数据库成功！
2020-07-06 11:14:48      温湿度记录仪B数据写入数据库成功！
2020-07-06 11:14:48      温湿度记录仪C数据写入数据库成功！
2020-07-06 11:14:48      危化库记录仪数据写入数据库成功！
****************************************************************************************************
2020-07-06 11:14:59      找到今天的sheet名: 20200623
2020-07-06 11:14:59      温湿度记录仪A数据写入数据库成功！
2020-07-06 11:14:59      温湿度记录仪B数据写入数据库成功！
2020-07-06 11:14:59      温湿度记录仪C数据写入数据库成功！
2020-07-06 11:14:59      危化库记录仪数据写入数据库成功！
****************************************************************************************************
2020-07-06 11:15:10      找到今天的sheet名: 20200628
2020-07-06 11:15:10      温湿度记录仪A数据写入数据库成功！
2020-07-06 11:15:10      温湿度记录仪B数据写入数据库成功！
2020-07-06 11:15:10      温湿度记录仪C数据写入数据库成功！
2020-07-06 11:15:10      危化库记录仪数据写入数据库成功！
****************************************************************************************************
2020-07-06 11:15:29      找到今天的sheet名: 20200629
2020-07-06 11:15:29      温湿度记录仪A数据写入数据库成功！
2020-07-06 11:15:29      温湿度记录仪B数据写入数据库成功！
2020-07-06 11:15:29      温湿度记录仪C数据写入数据库成功！
2020-07-06 11:15:29      危化库记录仪数据写入数据库成功！
****************************************************************************************************
2020-07-06 11:15:39      找到今天的sheet名: 20200630
2020-07-06 11:15:39      温湿度记录仪A数据写入数据库成功！
2020-07-06 11:15:40      温湿度记录仪B数据写入数据库成功！
2020-07-06 11:15:40      温湿度记录仪C数据写入数据库成功！
2020-07-06 11:15:40      危化库记录仪数据写入数据库成功！
****************************************************************************************************
2020-07-06 11:15:59      找到今天的sheet名: 20200701
2020-07-06 11:15:59      温湿度记录仪A数据写入数据库成功！
2020-07-06 11:15:59      温湿度记录仪B数据写入数据库成功！
2020-07-06 11:15:59      温湿度记录仪C数据写入数据库成功！
2020-07-06 11:15:59      危化库记录仪数据写入数据库成功！
****************************************************************************************************
2020-07-06 11:16:06      找到今天的sheet名: 20200702
2020-07-06 11:16:07      温湿度记录仪A数据写入数据库成功！
2020-07-06 11:16:07      温湿度记录仪B数据写入数据库成功！
2020-07-06 11:16:07      温湿度记录仪C数据写入数据库成功！
2020-07-06 11:16:07      危化库记录仪数据写入数据库成功！
****************************************************************************************************
2020-07-06 11:16:12      没有找到今天的sheet名!
****************************************************************************************************
2020-07-06 12:09:01      找到今天的sheet名: 20200702
2020-07-06 12:09:02      温湿度记录仪A数据写入数据库成功！
2020-07-06 12:09:02      温湿度记录仪B数据写入数据库成功！
2020-07-06 12:09:02      温湿度记录仪C数据写入数据库成功！
2020-07-06 12:09:02      危化库记录仪数据写入数据库成功！
****************************************************************************************************
2020-07-06 12:16:00      找到今天的sheet名: 20200621
2020-07-06 12:16:00      温湿度记录仪A数据写入数据库成功！
2020-07-06 12:16:00      温湿度记录仪B数据写入数据库成功！
2020-07-06 12:16:00      温湿度记录仪C数据写入数据库成功！
2020-07-06 12:16:00      危化库记录仪数据写入数据库成功！
****************************************************************************************************
2020-07-06 12:16:05      找到今天的sheet名: 20200622
2020-07-06 12:16:06      温湿度记录仪A数据写入数据库成功！
2020-07-06 12:16:06      温湿度记录仪B数据写入数据库成功！
2020-07-06 12:16:06      温湿度记录仪C数据写入数据库成功！
2020-07-06 12:16:06      危化库记录仪数据写入数据库成功！
****************************************************************************************************
2020-07-06 12:16:11      找到今天的sheet名: 20200623
2020-07-06 12:16:11      温湿度记录仪A数据写入数据库成功！
2020-07-06 12:16:11      温湿度记录仪B数据写入数据库成功！
2020-07-06 12:16:11      温湿度记录仪C数据写入数据库成功！
2020-07-06 12:16:11      危化库记录仪数据写入数据库成功！
****************************************************************************************************
2020-07-06 12:16:17      没有找到今天的sheet名!
****************************************************************************************************
2020-07-06 12:16:30      找到今天的sheet名: 20200628
2020-07-06 12:16:30      温湿度记录仪A数据写入数据库成功！
2020-07-06 12:16:30      温湿度记录仪B数据写入数据库成功！
2020-07-06 12:16:30      温湿度记录仪C数据写入数据库成功！
2020-07-06 12:16:30      危化库记录仪数据写入数据库成功！
****************************************************************************************************
2020-07-06 12:16:36      找到今天的sheet名: 20200629
2020-07-06 12:16:36      温湿度记录仪A数据写入数据库成功！
2020-07-06 12:16:36      温湿度记录仪B数据写入数据库成功！
2020-07-06 12:16:36      温湿度记录仪C数据写入数据库成功！
2020-07-06 12:16:36      危化库记录仪数据写入数据库成功！
****************************************************************************************************
2020-07-06 12:16:42      找到今天的sheet名: 20200630
2020-07-06 12:16:42      温湿度记录仪A数据写入数据库成功！
2020-07-06 12:16:42      温湿度记录仪B数据写入数据库成功！
2020-07-06 12:16:42      温湿度记录仪C数据写入数据库成功！
2020-07-06 12:16:42      危化库记录仪数据写入数据库成功！
****************************************************************************************************
2020-07-06 12:17:03      找到今天的sheet名: 20200701
2020-07-06 12:17:03      温湿度记录仪A数据写入数据库成功！
2020-07-06 12:17:03      温湿度记录仪B数据写入数据库成功！
2020-07-06 12:17:03      温湿度记录仪C数据写入数据库成功！
2020-07-06 12:17:03      危化库记录仪数据写入数据库成功！
****************************************************************************************************
2020-07-06 12:17:08      找到今天的sheet名: 20200702
2020-07-06 12:17:08      温湿度记录仪A数据写入数据库成功！
2020-07-06 12:17:08      温湿度记录仪B数据写入数据库成功！
2020-07-06 12:17:09      温湿度记录仪C数据写入数据库成功！
2020-07-06 12:17:09      危化库记录仪数据写入数据库成功！
****************************************************************************************************
2020-07-06 12:19:02      没有找到今天的sheet名!
****************************************************************************************************
2020-07-06 15:36:15      没有找到今天的sheet名!
****************************************************************************************************
2020-07-06 16:48:30      找到今天的sheet名: 20200621
2020-07-06 16:48:30      温湿度记录仪A数据写入数据库成功！
2020-07-06 16:48:30      温湿度记录仪B数据写入数据库成功！
2020-07-06 16:48:30      温湿度记录仪C数据写入数据库成功！
2020-07-06 16:48:30      危化库记录仪数据写入数据库成功！
****************************************************************************************************
2020-07-06 16:49:00      找到今天的sheet名: 20200622
2020-07-06 16:49:00      温湿度记录仪A数据写入数据库成功！
2020-07-06 16:49:00      温湿度记录仪B数据写入数据库成功！
2020-07-06 16:49:00      温湿度记录仪C数据写入数据库成功！
2020-07-06 16:49:00      危化库记录仪数据写入数据库成功！
****************************************************************************************************
2020-07-06 16:49:04      找到今天的sheet名: 20200623
2020-07-06 16:49:04      温湿度记录仪A数据写入数据库成功！
2020-07-06 16:49:04      温湿度记录仪B数据写入数据库成功！
2020-07-06 16:49:05      温湿度记录仪C数据写入数据库成功！
2020-07-06 16:49:05      危化库记录仪数据写入数据库成功！
****************************************************************************************************
2020-07-06 16:49:09      没有找到今天的sheet名!
****************************************************************************************************
2020-07-06 16:49:24      找到今天的sheet名: 20200628
2020-07-06 16:49:24      温湿度记录仪A数据写入数据库成功！
2020-07-06 16:49:24      温湿度记录仪B数据写入数据库成功！
2020-07-06 16:49:24      温湿度记录仪C数据写入数据库成功！
2020-07-06 16:49:24      危化库记录仪数据写入数据库成功！
****************************************************************************************************
2020-07-06 16:49:29      找到今天的sheet名: 20200629
2020-07-06 16:49:29      温湿度记录仪A数据写入数据库成功！
2020-07-06 16:49:29      温湿度记录仪B数据写入数据库成功！
2020-07-06 16:49:29      温湿度记录仪C数据写入数据库成功！
2020-07-06 16:49:29      危化库记录仪数据写入数据库成功！
****************************************************************************************************
2020-07-06 16:49:34      找到今天的sheet名: 20200630
2020-07-06 16:49:34      温湿度记录仪A数据写入数据库成功！
2020-07-06 16:49:34      温湿度记录仪B数据写入数据库成功！
2020-07-06 16:49:34      温湿度记录仪C数据写入数据库成功！
2020-07-06 16:49:34      危化库记录仪数据写入数据库成功！
****************************************************************************************************
2020-07-06 16:49:40      找到今天的sheet名: 20200701
2020-07-06 16:49:40      温湿度记录仪A数据写入数据库成功！
2020-07-06 16:49:40      温湿度记录仪B数据写入数据库成功！
2020-07-06 16:49:40      温湿度记录仪C数据写入数据库成功！
2020-07-06 16:49:40      危化库记录仪数据写入数据库成功！
****************************************************************************************************
2020-07-06 16:49:45      找到今天的sheet名: 20200702
2020-07-06 16:49:45      温湿度记录仪A数据写入数据库成功！
2020-07-06 16:49:45      温湿度记录仪B数据写入数据库成功！
2020-07-06 16:49:45      温湿度记录仪C数据写入数据库成功！
2020-07-06 16:49:45      危化库记录仪数据写入数据库成功！
****************************************************************************************************
2020-07-08 12:40:56      找到今天的sheet名: 20200706
2020-07-08 12:40:56      温湿度记录仪A数据写入数据库成功！
2020-07-08 12:40:56      温湿度记录仪B数据写入数据库成功！
2020-07-08 12:40:56      温湿度记录仪C数据写入数据库成功！
2020-07-08 12:40:56      危化库记录仪数据写入数据库成功！
****************************************************************************************************
2020-07-08 12:46:37      找到今天的sheet名: 20200707
2020-07-08 12:46:37      温湿度记录仪A数据写入数据库成功！
2020-07-08 12:46:37      温湿度记录仪B数据写入数据库成功！
2020-07-08 12:46:37      温湿度记录仪C数据写入数据库成功！
2020-07-08 12:46:37      危化库记录仪数据写入数据库成功！
****************************************************************************************************
2020-07-08 12:54:49      找到今天的sheet名: 20200706
2020-07-08 12:54:49      温湿度记录仪A数据写入数据库成功！
2020-07-08 12:54:49      温湿度记录仪B数据写入数据库成功！
2020-07-08 12:54:49      温湿度记录仪C数据写入数据库成功！
2020-07-08 12:54:49      危化库记录仪数据写入数据库成功！
****************************************************************************************************
2020-07-08 13:04:55      找到今天的sheet名: 20200706
2020-07-08 13:04:55      温湿度记录仪A数据写入数据库成功！
2020-07-08 13:04:55      温湿度记录仪B数据写入数据库成功！
2020-07-08 13:04:55      温湿度记录仪C数据写入数据库成功！
2020-07-08 13:04:56      危化库记录仪数据写入数据库成功！
****************************************************************************************************
2020-07-08 13:05:56      找到今天的sheet名: 20200707
2020-07-08 13:05:56      温湿度记录仪A数据写入数据库成功！
2020-07-08 13:05:56      温湿度记录仪B数据写入数据库成功！
2020-07-08 13:05:56      温湿度记录仪C数据写入数据库成功！
2020-07-08 13:05:56      危化库记录仪数据写入数据库成功！
****************************************************************************************************
2020-07-21 10:57:05      找到今天的sheet名: 20200708
2020-07-21 10:57:05      温湿度记录仪A数据写入数据库成功！
2020-07-21 10:57:05      温湿度记录仪B数据写入数据库成功！
2020-07-21 10:57:05      温湿度记录仪C数据写入数据库成功！
2020-07-21 10:57:05      危化库记录仪数据写入数据库成功！
****************************************************************************************************
2020-07-21 10:57:39      找到今天的sheet名: 20200709
2020-07-21 10:57:39      温湿度记录仪A数据写入数据库成功！
2020-07-21 10:57:39      温湿度记录仪B数据写入数据库成功！
2020-07-21 10:57:39      温湿度记录仪C数据写入数据库成功！
2020-07-21 10:57:40      危化库记录仪数据写入数据库成功！
****************************************************************************************************
2020-07-21 10:57:54      找到今天的sheet名: 20200712
2020-07-21 10:57:54      温湿度记录仪A数据写入数据库成功！
2020-07-21 10:57:54      温湿度记录仪B数据写入数据库成功！
2020-07-21 10:57:54      温湿度记录仪C数据写入数据库成功！
2020-07-21 10:57:54      危化库记录仪数据写入数据库成功！
****************************************************************************************************
2020-07-21 10:58:00      找到今天的sheet名: 20200713
2020-07-21 10:58:00      温湿度记录仪A数据写入数据库成功！
2020-07-21 10:58:00      温湿度记录仪B数据写入数据库成功！
2020-07-21 10:58:00      温湿度记录仪C数据写入数据库成功！
2020-07-21 10:58:00      危化库记录仪数据写入数据库成功！
****************************************************************************************************
2020-07-21 10:58:13      找到今天的sheet名: 20200714
2020-07-21 10:58:13      温湿度记录仪A数据写入数据库成功！
2020-07-21 10:58:13      温湿度记录仪B数据写入数据库成功！
2020-07-21 10:58:13      温湿度记录仪C数据写入数据库成功！
2020-07-21 10:58:13      危化库记录仪数据写入数据库成功！
****************************************************************************************************
2020-07-21 10:58:18      找到今天的sheet名: 20200715
2020-07-21 10:58:19      温湿度记录仪A数据写入数据库成功！
2020-07-21 10:58:19      温湿度记录仪B数据写入数据库成功！
2020-07-21 10:58:19      温湿度记录仪C数据写入数据库成功！
2020-07-21 10:58:19      危化库记录仪数据写入数据库成功！
****************************************************************************************************
2020-07-21 10:58:24      找到今天的sheet名: 20200716
2020-07-21 10:58:24      温湿度记录仪A数据写入数据库成功！
2020-07-21 10:58:24      温湿度记录仪B数据写入数据库成功！
2020-07-21 10:58:25      温湿度记录仪C数据写入数据库成功！
2020-07-21 10:58:25      危化库记录仪数据写入数据库成功！
****************************************************************************************************
2020-07-21 10:58:40      找到今天的sheet名: 20200717
2020-07-21 10:58:40      温湿度记录仪A数据写入数据库成功！
2020-07-21 10:58:40      温湿度记录仪B数据写入数据库成功！
2020-07-21 10:58:40      温湿度记录仪C数据写入数据库成功！
2020-07-21 10:58:40      危化库记录仪数据写入数据库成功！
****************************************************************************************************
2020-07-21 10:58:54      找到今天的sheet名: 20200719
2020-07-21 10:58:54      温湿度记录仪A数据写入数据库成功！
2020-07-21 10:58:54      温湿度记录仪B数据写入数据库成功！
2020-07-21 10:58:54      温湿度记录仪C数据写入数据库成功！
2020-07-21 10:58:54      危化库记录仪数据写入数据库成功！
****************************************************************************************************
2020-07-21 11:04:01      找到今天的sheet名: 20200720
2020-07-21 11:04:01      温湿度记录仪A数据写入数据库成功！
2020-07-21 11:04:01      温湿度记录仪B数据写入数据库成功！
2020-07-21 11:04:01      温湿度记录仪C数据写入数据库成功！
2020-07-21 11:04:01      危化库记录仪数据写入数据库成功！
****************************************************************************************************
2020-07-22 12:55:24      找到今天的sheet名: 20200721
2020-07-22 12:55:24      温湿度记录仪A数据写入数据库成功！
2020-07-22 12:55:24      温湿度记录仪B数据写入数据库成功！
2020-07-22 12:55:24      温湿度记录仪C数据写入数据库成功！
2020-07-22 12:55:24      危化库记录仪数据写入数据库成功！
****************************************************************************************************
2020-07-24 08:53:22      找到今天的sheet名: 20200722
2020-07-24 08:53:22      温湿度记录仪A数据写入数据库成功！
2020-07-24 08:53:22      温湿度记录仪B数据写入数据库成功！
2020-07-24 08:53:22      温湿度记录仪C数据写入数据库成功！
2020-07-24 08:53:22      危化库记录仪数据写入数据库成功！
****************************************************************************************************
2020-07-27 13:26:29      Finding today's sheet name:20200724
2020-07-27 13:26:29      Sensor A data writing successfully!
2020-07-27 13:26:29      Sensor B data writing successfully!
2020-07-27 13:26:29      Sensor C data writing successfully!
2020-07-27 13:26:29      Sensor D data writing successfully!
****************************************************************************************************
2020-07-27 13:27:14      Cannot find today's sheet name!
****************************************************************************************************
2020-09-23 12:59:25      Finding today's sheet name:20200920
2020-09-23 12:59:25      Sensor A data writing successfully!
2020-09-23 12:59:25      Sensor B data writing successfully!
2020-09-23 12:59:25      Sensor C data writing successfully!
2020-09-23 12:59:25      Sensor D data writing successfully!
****************************************************************************************************
2020-09-23 12:59:35      Finding today's sheet name:20200921
2020-09-23 12:59:35      Sensor A data writing successfully!
2020-09-23 12:59:35      Sensor B data writing successfully!
2020-09-23 12:59:35      Sensor C data writing successfully!
2020-09-23 12:59:35      Sensor D data writing successfully!
